0 info it worked if it ends with ok
1 verbose cli [ '/usr/local/Cellar/node/6.6.0/bin/node',
1 verbose cli   '/usr/local/bin/npm',
1 verbose cli   'run',
1 verbose cli   'start:server' ]
2 info using npm@3.10.7
3 info using node@v6.6.0
4 verbose run-script [ 'prestart:server', 'start:server', 'poststart:server' ]
5 info lifecycle portfolio-odm-validation@1.0.0~prestart:server: portfolio-odm-validation@1.0.0
6 silly lifecycle portfolio-odm-validation@1.0.0~prestart:server: no script for prestart:server, continuing
7 info lifecycle portfolio-odm-validation@1.0.0~start:server: portfolio-odm-validation@1.0.0
8 verbose lifecycle portfolio-odm-validation@1.0.0~start:server: unsafe-perm in lifecycle true
9 verbose lifecycle portfolio-odm-validation@1.0.0~start:server: PATH: /usr/local/lib/node_modules/npm/bin/node-gyp-bin:/Users/ivangerard/Desktop/portfolio-odm-validation/node_modules/.bin:/usr/local/Cellar/node/6.6.0/bin:/usr/local/bin:/usr/local/sbin:/usr/bin:/bin:/usr/sbin:/sbin
10 verbose lifecycle portfolio-odm-validation@1.0.0~start:server: CWD: /Users/ivangerard/Desktop/portfolio-odm-validation
11 silly lifecycle portfolio-odm-validation@1.0.0~start:server: Args: [ '-c', 'cd ./server && node server.js ' ]
12 silly lifecycle portfolio-odm-validation@1.0.0~start:server: Returned: code: 1  signal: null
13 info lifecycle portfolio-odm-validation@1.0.0~start:server: Failed to exec start:server script
14 verbose stack Error: portfolio-odm-validation@1.0.0 start:server: `cd ./server && node server.js `
14 verbose stack Exit status 1
14 verbose stack     at EventEmitter.<anonymous> (/usr/local/lib/node_modules/npm/lib/utils/lifecycle.js:255:16)
14 verbose stack     at emitTwo (events.js:106:13)
14 verbose stack     at EventEmitter.emit (events.js:191:7)
14 verbose stack     at ChildProcess.<anonymous> (/usr/local/lib/node_modules/npm/lib/utils/spawn.js:40:14)
14 verbose stack     at emitTwo (events.js:106:13)
14 verbose stack     at ChildProcess.emit (events.js:191:7)
14 verbose stack     at maybeClose (internal/child_process.js:877:16)
14 verbose stack     at Process.ChildProcess._handle.onexit (internal/child_process.js:226:5)
15 verbose pkgid portfolio-odm-validation@1.0.0
16 verbose cwd /Users/ivangerard/Desktop/portfolio-odm-validation
17 error Darwin 15.2.0
18 error argv "/usr/local/Cellar/node/6.6.0/bin/node" "/usr/local/bin/npm" "run" "start:server"
19 error node v6.6.0
20 error npm  v3.10.7
21 error code ELIFECYCLE
22 error portfolio-odm-validation@1.0.0 start:server: `cd ./server && node server.js `
22 error Exit status 1
23 error Failed at the portfolio-odm-validation@1.0.0 start:server script 'cd ./server && node server.js '.
23 error Make sure you have the latest version of node.js and npm installed.
23 error If you do, this is most likely a problem with the portfolio-odm-validation package,
23 error not with npm itself.
23 error Tell the author that this fails on your system:
23 error     cd ./server && node server.js
23 error You can get information on how to open an issue for this project with:
23 error     npm bugs portfolio-odm-validation
23 error Or if that isn't available, you can get their info via:
23 error     npm owner ls portfolio-odm-validation
23 error There is likely additional logging output above.
24 verbose exit [ 1, true ]
